\BOOKMARK [0][-]{chapter.1}{\376\377\0001\000\040\000H\000i\000e\000r\000a\000r\000c\000h\000i\000k\000u\000s\000\040\000m\000u\000t\000a\000t\000\363}{}% 1
\BOOKMARK [1][-]{section.1.1}{\376\377\0001\000.\0001\000\040\000O\000s\000z\000t\000\341\000l\000y\000h\000i\000e\000r\000a\000r\000c\000h\000i\000a}{chapter.1}% 2
\BOOKMARK [0][-]{chapter.2}{\376\377\0002\000\040\000O\000s\000z\000t\000\341\000l\000y\000m\000u\000t\000a\000t\000\363}{}% 3
\BOOKMARK [1][-]{section.2.1}{\376\377\0002\000.\0001\000\040\000O\000s\000z\000t\000\341\000l\000y\000l\000i\000s\000t\000a}{chapter.2}% 4
\BOOKMARK [0][-]{chapter.3}{\376\377\0003\000\040\000O\000s\000z\000t\000\341\000l\000y\000o\000k\000\040\000d\000o\000k\000u\000m\000e\000n\000t\000\341\000c\000i\000\363\000j\000a}{}% 5
\BOOKMARK [1][-]{section.3.1}{\376\377\0003\000.\0001\000\040\000A\000r\000e\000a\000\040\000o\000s\000z\000t\000\341\000l\000y\000r\000e\000f\000e\000r\000e\000n\000c\000i\000a}{chapter.3}% 6
\BOOKMARK [2][-]{subsection.3.1.1}{\376\377\0003\000.\0001\000.\0001\000\040\000K\000o\000n\000s\000t\000r\000u\000k\000t\000o\000r\000o\000k\000\040\000\351\000s\000\040\000d\000e\000s\000t\000r\000u\000k\000t\000o\000r\000o\000k\000\040\000d\000o\000k\000u\000m\000e\000n\000t\000\341\000c\000i\000\363\000j\000a}{section.3.1}% 7
\BOOKMARK [3][-]{subsubsection.3.1.1.1}{\376\377\0003\000.\0001\000.\0001\000.\0001\000\040\000A\000r\000e\000a\000\050\000\051}{subsection.3.1.1}% 8
\BOOKMARK [2][-]{subsection.3.1.2}{\376\377\0003\000.\0001\000.\0002\000\040\000T\000a\000g\000f\000\374\000g\000g\000v\000\351\000n\000y\000e\000k\000\040\000d\000o\000k\000u\000m\000e\000n\000t\000\341\000c\000i\000\363\000j\000a}{section.3.1}% 9
\BOOKMARK [3][-]{subsubsection.3.1.2.1}{\376\377\0003\000.\0001\000.\0002\000.\0001\000\040\000D\000r\000a\000w\000\050\000\051}{subsection.3.1.2}% 10
\BOOKMARK [3][-]{subsubsection.3.1.2.2}{\376\377\0003\000.\0001\000.\0002\000.\0002\000\040\000G\000e\000t\000V\000a\000l\000u\000e\000\050\000\051}{subsection.3.1.2}% 11
\BOOKMARK [3][-]{subsubsection.3.1.2.3}{\376\377\0003\000.\0001\000.\0002\000.\0003\000\040\000G\000e\000t\000X\000P\000o\000s\000t\000i\000o\000n\000\050\000\051}{subsection.3.1.2}% 12
\BOOKMARK [3][-]{subsubsection.3.1.2.4}{\376\377\0003\000.\0001\000.\0002\000.\0004\000\040\000G\000e\000t\000Y\000P\000o\000s\000i\000t\000i\000o\000n\000\050\000\051}{subsection.3.1.2}% 13
\BOOKMARK [3][-]{subsubsection.3.1.2.5}{\376\377\0003\000.\0001\000.\0002\000.\0005\000\040\000H\000a\000n\000d\000l\000e\000\050\000\051}{subsection.3.1.2}% 14
\BOOKMARK [3][-]{subsubsection.3.1.2.6}{\376\377\0003\000.\0001\000.\0002\000.\0006\000\040\000I\000s\000I\000n\000L\000i\000n\000e\000\050\000\051}{subsection.3.1.2}% 15
\BOOKMARK [3][-]{subsubsection.3.1.2.7}{\376\377\0003\000.\0001\000.\0002\000.\0007\000\040\000S\000e\000t\000E\000v\000e\000n\000t\000V\000o\000i\000d\000\050\000\051}{subsection.3.1.2}% 16
\BOOKMARK [3][-]{subsubsection.3.1.2.8}{\376\377\0003\000.\0001\000.\0002\000.\0008\000\040\000S\000e\000t\000M\000a\000r\000k\000e\000r\000C\000o\000l\000o\000u\000r\000\050\000\051}{subsection.3.1.2}% 17
\BOOKMARK [3][-]{subsubsection.3.1.2.9}{\376\377\0003\000.\0001\000.\0002\000.\0009\000\040\000S\000e\000t\000V\000a\000l\000u\000e\000\050\000\051}{subsection.3.1.2}% 18
\BOOKMARK [2][-]{subsection.3.1.3}{\376\377\0003\000.\0001\000.\0003\000\040\000A\000d\000a\000t\000t\000a\000g\000o\000k\000\040\000d\000o\000k\000u\000m\000e\000n\000t\000\341\000c\000i\000\363\000j\000a}{section.3.1}% 19
\BOOKMARK [3][-]{subsubsection.3.1.3.1}{\376\377\0003\000.\0001\000.\0003\000.\0001\000\040\000M\000a\000r\000k\000C\000o\000l\000o\000u\000r}{subsection.3.1.3}% 20
\BOOKMARK [3][-]{subsubsection.3.1.3.2}{\376\377\0003\000.\0001\000.\0003\000.\0002\000\040\000O\000n\000E\000v\000e\000n\000t}{subsection.3.1.3}% 21
\BOOKMARK [3][-]{subsubsection.3.1.3.3}{\376\377\0003\000.\0001\000.\0003\000.\0003\000\040\000V\000a\000l\000u\000e}{subsection.3.1.3}% 22
\BOOKMARK [3][-]{subsubsection.3.1.3.4}{\376\377\0003\000.\0001\000.\0003\000.\0004\000\040\000X\000V\000a\000l}{subsection.3.1.3}% 23
\BOOKMARK [3][-]{subsubsection.3.1.3.5}{\376\377\0003\000.\0001\000.\0003\000.\0005\000\040\000Y\000V\000a\000l}{subsection.3.1.3}% 24
\BOOKMARK [1][-]{section.3.2}{\376\377\0003\000.\0002\000\040\000a\000s\000d\000\040\000o\000s\000z\000t\000\341\000l\000y\000r\000e\000f\000e\000r\000e\000n\000c\000i\000a}{chapter.3}% 25
\BOOKMARK [1][-]{section.3.3}{\376\377\0003\000.\0003\000\040\000g\000e\000n\000v\000:\000:\000b\000o\000x\000\040\000s\000t\000r\000u\000k\000t\000\372\000r\000a\000r\000e\000f\000e\000r\000e\000n\000c\000i\000a}{chapter.3}% 26
\BOOKMARK [1][-]{section.3.4}{\376\377\0003\000.\0004\000\040\000g\000e\000n\000v\000:\000:\000b\000o\000x\000\137\000t\000o\000\040\000s\000t\000r\000u\000k\000t\000\372\000r\000a\000r\000e\000f\000e\000r\000e\000n\000c\000i\000a}{chapter.3}% 27
\BOOKMARK [1][-]{section.3.5}{\376\377\0003\000.\0005\000\040\000B\000u\000t\000t\000o\000n\000\040\000o\000s\000z\000t\000\341\000l\000y\000r\000e\000f\000e\000r\000e\000n\000c\000i\000a}{chapter.3}% 28
\BOOKMARK [2][-]{subsection.3.5.1}{\376\377\0003\000.\0005\000.\0001\000\040\000K\000o\000n\000s\000t\000r\000u\000k\000t\000o\000r\000o\000k\000\040\000\351\000s\000\040\000d\000e\000s\000t\000r\000u\000k\000t\000o\000r\000o\000k\000\040\000d\000o\000k\000u\000m\000e\000n\000t\000\341\000c\000i\000\363\000j\000a}{section.3.5}% 29
\BOOKMARK [3][-]{subsubsection.3.5.1.1}{\376\377\0003\000.\0005\000.\0001\000.\0001\000\040\000B\000u\000t\000t\000o\000n\000\050\000\051}{subsection.3.5.1}% 30
\BOOKMARK [2][-]{subsection.3.5.2}{\376\377\0003\000.\0005\000.\0002\000\040\000T\000a\000g\000f\000\374\000g\000g\000v\000\351\000n\000y\000e\000k\000\040\000d\000o\000k\000u\000m\000e\000n\000t\000\341\000c\000i\000\363\000j\000a}{section.3.5}% 31
\BOOKMARK [3][-]{subsubsection.3.5.2.1}{\376\377\0003\000.\0005\000.\0002\000.\0001\000\040\000D\000r\000a\000w\000\050\000\051}{subsection.3.5.2}% 32
\BOOKMARK [3][-]{subsubsection.3.5.2.2}{\376\377\0003\000.\0005\000.\0002\000.\0002\000\040\000H\000a\000n\000d\000l\000e\000\050\000\051}{subsection.3.5.2}% 33
\BOOKMARK [3][-]{subsubsection.3.5.2.3}{\376\377\0003\000.\0005\000.\0002\000.\0003\000\040\000I\000s\000I\000n\000L\000i\000n\000e\000\050\000\051}{subsection.3.5.2}% 34
\BOOKMARK [3][-]{subsubsection.3.5.2.4}{\376\377\0003\000.\0005\000.\0002\000.\0004\000\040\000S\000e\000t\000O\000n\000C\000l\000i\000c\000k\000C\000o\000l\000o\000r\000\050\000\051}{subsection.3.5.2}% 35
\BOOKMARK [2][-]{subsection.3.5.3}{\376\377\0003\000.\0005\000.\0003\000\040\000A\000d\000a\000t\000t\000a\000g\000o\000k\000\040\000d\000o\000k\000u\000m\000e\000n\000t\000\341\000c\000i\000\363\000j\000a}{section.3.5}% 36
\BOOKMARK [3][-]{subsubsection.3.5.3.1}{\376\377\0003\000.\0005\000.\0003\000.\0001\000\040\000F\000u\000n\000c\000t\000i\000o\000n}{subsection.3.5.3}% 37
\BOOKMARK [3][-]{subsubsection.3.5.3.2}{\376\377\0003\000.\0005\000.\0003\000.\0002\000\040\000i\000s\000C\000l\000i\000c\000k\000i\000n\000g}{subsection.3.5.3}% 38
\BOOKMARK [3][-]{subsubsection.3.5.3.3}{\376\377\0003\000.\0005\000.\0003\000.\0003\000\040\000O\000n\000C\000l\000i\000c\000k\000C\000o\000l\000o\000r}{subsection.3.5.3}% 39
\BOOKMARK [1][-]{section.3.6}{\376\377\0003\000.\0006\000\040\000g\000e\000n\000v\000:\000:\000c\000a\000n\000v\000a\000s\000\040\000o\000s\000z\000t\000\341\000l\000y\000r\000e\000f\000e\000r\000e\000n\000c\000i\000a}{chapter.3}% 40
\BOOKMARK [1][-]{section.3.7}{\376\377\0003\000.\0007\000\040\000g\000e\000n\000v\000:\000:\000c\000o\000l\000o\000r\000\040\000s\000t\000r\000u\000k\000t\000\372\000r\000a\000r\000e\000f\000e\000r\000e\000n\000c\000i\000a}{chapter.3}% 41
\BOOKMARK [1][-]{section.3.8}{\376\377\0003\000.\0008\000\040\000C\000o\000l\000o\000u\000r\000\040\000o\000s\000z\000t\000\341\000l\000y\000r\000e\000f\000e\000r\000e\000n\000c\000i\000a}{chapter.3}% 42
\BOOKMARK [2][-]{subsection.3.8.1}{\376\377\0003\000.\0008\000.\0001\000\040\000K\000o\000n\000s\000t\000r\000u\000k\000t\000o\000r\000o\000k\000\040\000\351\000s\000\040\000d\000e\000s\000t\000r\000u\000k\000t\000o\000r\000o\000k\000\040\000d\000o\000k\000u\000m\000e\000n\000t\000\341\000c\000i\000\363\000j\000a}{section.3.8}% 43
\BOOKMARK [3][-]{subsubsection.3.8.1.1}{\376\377\0003\000.\0008\000.\0001\000.\0001\000\040\000C\000o\000l\000o\000u\000r\000\050\000\051\000\040\000[\0001\000/\0002\000]}{subsection.3.8.1}% 44
\BOOKMARK [3][-]{subsubsection.3.8.1.2}{\376\377\0003\000.\0008\000.\0001\000.\0002\000\040\000C\000o\000l\000o\000u\000r\000\050\000\051\000\040\000[\0002\000/\0002\000]}{subsection.3.8.1}% 45
\BOOKMARK [2][-]{subsection.3.8.2}{\376\377\0003\000.\0008\000.\0002\000\040\000T\000a\000g\000f\000\374\000g\000g\000v\000\351\000n\000y\000e\000k\000\040\000d\000o\000k\000u\000m\000e\000n\000t\000\341\000c\000i\000\363\000j\000a}{section.3.8}% 46
\BOOKMARK [3][-]{subsubsection.3.8.2.1}{\376\377\0003\000.\0008\000.\0002\000.\0001\000\040\000A\000d\000j\000u\000s\000t\000C\000o\000l\000o\000u\000r\000\050\000\051}{subsection.3.8.2}% 47
\BOOKMARK [3][-]{subsubsection.3.8.2.2}{\376\377\0003\000.\0008\000.\0002\000.\0002\000\040\000C\000h\000e\000c\000k\000R\000G\000B\000\050\000\051}{subsection.3.8.2}% 48
\BOOKMARK [3][-]{subsubsection.3.8.2.3}{\376\377\0003\000.\0008\000.\0002\000.\0003\000\040\000G\000e\000t\000B\000\050\000\051}{subsection.3.8.2}% 49
\BOOKMARK [3][-]{subsubsection.3.8.2.4}{\376\377\0003\000.\0008\000.\0002\000.\0004\000\040\000G\000e\000t\000G\000\050\000\051}{subsection.3.8.2}% 50
\BOOKMARK [3][-]{subsubsection.3.8.2.5}{\376\377\0003\000.\0008\000.\0002\000.\0005\000\040\000G\000e\000t\000R\000\050\000\051}{subsection.3.8.2}% 51
\BOOKMARK [3][-]{subsubsection.3.8.2.6}{\376\377\0003\000.\0008\000.\0002\000.\0006\000\040\000S\000e\000t\000C\000o\000l\000o\000u\000r\000\050\000\051}{subsection.3.8.2}% 52
\BOOKMARK [3][-]{subsubsection.3.8.2.7}{\376\377\0003\000.\0008\000.\0002\000.\0007\000\040\000S\000e\000t\000T\000h\000i\000s\000C\000o\000l\000o\000u\000r\000\050\000\051}{subsection.3.8.2}% 53
\BOOKMARK [2][-]{subsection.3.8.3}{\376\377\0003\000.\0008\000.\0003\000\040\000A\000d\000a\000t\000t\000a\000g\000o\000k\000\040\000d\000o\000k\000u\000m\000e\000n\000t\000\341\000c\000i\000\363\000j\000a}{section.3.8}% 54
\BOOKMARK [3][-]{subsubsection.3.8.3.1}{\376\377\0003\000.\0008\000.\0003\000.\0001\000\040\000B}{subsection.3.8.3}% 55
\BOOKMARK [3][-]{subsubsection.3.8.3.2}{\376\377\0003\000.\0008\000.\0003\000.\0002\000\040\000G}{subsection.3.8.3}% 56
\BOOKMARK [3][-]{subsubsection.3.8.3.3}{\376\377\0003\000.\0008\000.\0003\000.\0003\000\040\000R}{subsection.3.8.3}% 57
\BOOKMARK [1][-]{section.3.9}{\376\377\0003\000.\0009\000\040\000g\000e\000n\000v\000:\000:\000e\000v\000e\000n\000t\000\040\000s\000t\000r\000u\000k\000t\000\372\000r\000a\000r\000e\000f\000e\000r\000e\000n\000c\000i\000a}{chapter.3}% 58
\BOOKMARK [1][-]{section.3.10}{\376\377\0003\000.\0001\0000\000\040\000g\000e\000n\000v\000:\000:\000f\000o\000n\000t\000\040\000s\000t\000r\000u\000k\000t\000\372\000r\000a\000r\000e\000f\000e\000r\000e\000n\000c\000i\000a}{chapter.3}% 59
\BOOKMARK [1][-]{section.3.11}{\376\377\0003\000.\0001\0001\000\040\000G\000a\000m\000e\000H\000a\000n\000d\000l\000e\000r\000\040\000o\000s\000z\000t\000\341\000l\000y\000r\000e\000f\000e\000r\000e\000n\000c\000i\000a}{chapter.3}% 60
\BOOKMARK [2][-]{subsection.3.11.1}{\376\377\0003\000.\0001\0001\000.\0001\000\040\000K\000o\000n\000s\000t\000r\000u\000k\000t\000o\000r\000o\000k\000\040\000\351\000s\000\040\000d\000e\000s\000t\000r\000u\000k\000t\000o\000r\000o\000k\000\040\000d\000o\000k\000u\000m\000e\000n\000t\000\341\000c\000i\000\363\000j\000a}{section.3.11}% 61
\BOOKMARK [3][-]{subsubsection.3.11.1.1}{\376\377\0003\000.\0001\0001\000.\0001\000.\0001\000\040\000G\000a\000m\000e\000H\000a\000n\000d\000l\000e\000r\000\050\000\051}{subsection.3.11.1}% 62
\BOOKMARK [2][-]{subsection.3.11.2}{\376\377\0003\000.\0001\0001\000.\0002\000\040\000T\000a\000g\000f\000\374\000g\000g\000v\000\351\000n\000y\000e\000k\000\040\000d\000o\000k\000u\000m\000e\000n\000t\000\341\000c\000i\000\363\000j\000a}{section.3.11}% 63
\BOOKMARK [3][-]{subsubsection.3.11.2.1}{\376\377\0003\000.\0001\0001\000.\0002\000.\0001\000\040\000D\000e\000l\000e\000t\000e\000A\000r\000e\000a\000s\000\050\000\051}{subsection.3.11.2}% 64
\BOOKMARK [3][-]{subsubsection.3.11.2.2}{\376\377\0003\000.\0001\0001\000.\0002\000.\0002\000\040\000D\000i\000s\000a\000b\000l\000e\000A\000r\000e\000a\000s\000\050\000\051}{subsection.3.11.2}% 65
\BOOKMARK [3][-]{subsubsection.3.11.2.3}{\376\377\0003\000.\0001\0001\000.\0002\000.\0003\000\040\000D\000o\000A\000I\000S\000t\000e\000p\000\050\000\051}{subsection.3.11.2}% 66
\BOOKMARK [3][-]{subsubsection.3.11.2.4}{\376\377\0003\000.\0001\0001\000.\0002\000.\0004\000\040\000E\000n\000a\000b\000l\000e\000A\000r\000e\000a\000s\000\050\000\051}{subsection.3.11.2}% 67
\BOOKMARK [3][-]{subsubsection.3.11.2.5}{\376\377\0003\000.\0001\0001\000.\0002\000.\0005\000\040\000L\000o\000a\000d\000G\000a\000m\000e\000\050\000\051}{subsection.3.11.2}% 68
\BOOKMARK [3][-]{subsubsection.3.11.2.6}{\376\377\0003\000.\0001\0001\000.\0002\000.\0006\000\040\000L\000o\000a\000d\000M\000a\000i\000n\000M\000e\000n\000u\000\050\000\051}{subsection.3.11.2}% 69
\BOOKMARK [3][-]{subsubsection.3.11.2.7}{\376\377\0003\000.\0001\0001\000.\0002\000.\0007\000\040\000P\000l\000a\000c\000e\000A\000t\000\050\000\051}{subsection.3.11.2}% 70
\BOOKMARK [3][-]{subsubsection.3.11.2.8}{\376\377\0003\000.\0001\0001\000.\0002\000.\0008\000\040\000S\000h\000o\000w\000W\000i\000n\000W\000i\000n\000d\000o\000w\000\050\000\051}{subsection.3.11.2}% 71
\BOOKMARK [2][-]{subsection.3.11.3}{\376\377\0003\000.\0001\0001\000.\0003\000\040\000A\000d\000a\000t\000t\000a\000g\000o\000k\000\040\000d\000o\000k\000u\000m\000e\000n\000t\000\341\000c\000i\000\363\000j\000a}{section.3.11}% 72
\BOOKMARK [3][-]{subsubsection.3.11.3.1}{\376\377\0003\000.\0001\0001\000.\0003\000.\0001\000\040\000a\000i}{subsection.3.11.3}% 73
\BOOKMARK [3][-]{subsubsection.3.11.3.2}{\376\377\0003\000.\0001\0001\000.\0003\000.\0002\000\040\000A\000r\000e\000a\000s}{subsection.3.11.3}% 74
\BOOKMARK [3][-]{subsubsection.3.11.3.3}{\376\377\0003\000.\0001\0001\000.\0003\000.\0003\000\040\000G\000a\000m\000e\000M\000o\000d\000e}{subsection.3.11.3}% 75
\BOOKMARK [3][-]{subsubsection.3.11.3.4}{\376\377\0003\000.\0001\0001\000.\0003\000.\0004\000\040\000h\000a\000n\000d\000l\000e\000r}{subsection.3.11.3}% 76
\BOOKMARK [3][-]{subsubsection.3.11.3.5}{\376\377\0003\000.\0001\0001\000.\0003\000.\0005\000\040\000I\000s\000P\000l\000a\000y\000e\000r\000X}{subsection.3.11.3}% 77
\BOOKMARK [3][-]{subsubsection.3.11.3.6}{\376\377\0003\000.\0001\0001\000.\0003\000.\0006\000\040\000I\000s\000X\000T\000u\000r\000n}{subsection.3.11.3}% 78
\BOOKMARK [3][-]{subsubsection.3.11.3.7}{\376\377\0003\000.\0001\0001\000.\0003\000.\0007\000\040\000l\000e\000v\000e\000l}{subsection.3.11.3}% 79
\BOOKMARK [3][-]{subsubsection.3.11.3.8}{\376\377\0003\000.\0001\0001\000.\0003\000.\0008\000\040\000L\000e\000v\000e\000l\000S\000i\000z\000e}{subsection.3.11.3}% 80
\BOOKMARK [3][-]{subsubsection.3.11.3.9}{\376\377\0003\000.\0001\0001\000.\0003\000.\0009\000\040\000N\000e\000e\000d\000T\000o\000W\000i\000n}{subsection.3.11.3}% 81
\BOOKMARK [3][-]{subsubsection.3.11.3.10}{\376\377\0003\000.\0001\0001\000.\0003\000.\0001\0000\000\040\000t\000u\000r\000n\000D\000i\000s\000p\000l\000a\000y}{subsection.3.11.3}% 82
\BOOKMARK [1][-]{section.3.12}{\376\377\0003\000.\0001\0002\000\040\000g\000e\000n\000v\000:\000:\000g\000r\000i\000n\000p\000u\000t\000\040\000o\000s\000z\000t\000\341\000l\000y\000r\000e\000f\000e\000r\000e\000n\000c\000i\000a}{chapter.3}% 83
\BOOKMARK [1][-]{section.3.13}{\376\377\0003\000.\0001\0003\000\040\000g\000e\000n\000v\000:\000:\000g\000r\000o\000u\000t\000p\000u\000t\000\040\000o\000s\000z\000t\000\341\000l\000y\000r\000e\000f\000e\000r\000e\000n\000c\000i\000a}{chapter.3}% 84
\BOOKMARK [1][-]{section.3.14}{\376\377\0003\000.\0001\0004\000\040\000G\000U\000I\000H\000a\000n\000d\000l\000e\000r\000\040\000o\000s\000z\000t\000\341\000l\000y\000r\000e\000f\000e\000r\000e\000n\000c\000i\000a}{chapter.3}% 85
\BOOKMARK [2][-]{subsection.3.14.1}{\376\377\0003\000.\0001\0004\000.\0001\000\040\000K\000o\000n\000s\000t\000r\000u\000k\000t\000o\000r\000o\000k\000\040\000\351\000s\000\040\000d\000e\000s\000t\000r\000u\000k\000t\000o\000r\000o\000k\000\040\000d\000o\000k\000u\000m\000e\000n\000t\000\341\000c\000i\000\363\000j\000a}{section.3.14}% 86
\BOOKMARK [3][-]{subsubsection.3.14.1.1}{\376\377\0003\000.\0001\0004\000.\0001\000.\0001\000\040\000G\000U\000I\000H\000a\000n\000d\000l\000e\000r\000\050\000\051}{subsection.3.14.1}% 87
\BOOKMARK [2][-]{subsection.3.14.2}{\376\377\0003\000.\0001\0004\000.\0002\000\040\000T\000a\000g\000f\000\374\000g\000g\000v\000\351\000n\000y\000e\000k\000\040\000d\000o\000k\000u\000m\000e\000n\000t\000\341\000c\000i\000\363\000j\000a}{section.3.14}% 88
\BOOKMARK [3][-]{subsubsection.3.14.2.1}{\376\377\0003\000.\0001\0004\000.\0002\000.\0001\000\040\000A\000d\000d\000W\000i\000d\000g\000e\000t\000\050\000\051}{subsection.3.14.2}% 89
\BOOKMARK [3][-]{subsubsection.3.14.2.2}{\376\377\0003\000.\0001\0004\000.\0002\000.\0002\000\040\000D\000r\000a\000w\000\050\000\051}{subsection.3.14.2}% 90
\BOOKMARK [3][-]{subsubsection.3.14.2.3}{\376\377\0003\000.\0001\0004\000.\0002\000.\0003\000\040\000H\000a\000n\000d\000l\000e\000\050\000\051}{subsection.3.14.2}% 91
\BOOKMARK [3][-]{subsubsection.3.14.2.4}{\376\377\0003\000.\0001\0004\000.\0002\000.\0004\000\040\000R\000e\000m\000o\000v\000e\000W\000i\000d\000g\000e\000t\000\050\000\051\000\040\000[\0001\000/\0002\000]}{subsection.3.14.2}% 92
\BOOKMARK [3][-]{subsubsection.3.14.2.5}{\376\377\0003\000.\0001\0004\000.\0002\000.\0005\000\040\000R\000e\000m\000o\000v\000e\000W\000i\000d\000g\000e\000t\000\050\000\051\000\040\000[\0002\000/\0002\000]}{subsection.3.14.2}% 93
\BOOKMARK [3][-]{subsubsection.3.14.2.6}{\376\377\0003\000.\0001\0004\000.\0002\000.\0006\000\040\000S\000t\000a\000r\000t\000\050\000\051}{subsection.3.14.2}% 94
\BOOKMARK [2][-]{subsection.3.14.3}{\376\377\0003\000.\0001\0004\000.\0003\000\040\000A\000d\000a\000t\000t\000a\000g\000o\000k\000\040\000d\000o\000k\000u\000m\000e\000n\000t\000\341\000c\000i\000\363\000j\000a}{section.3.14}% 95
\BOOKMARK [3][-]{subsubsection.3.14.3.1}{\376\377\0003\000.\0001\0004\000.\0003\000.\0001\000\040\000b\000g\000C\000o\000l\000o\000u\000r}{subsection.3.14.3}% 96
\BOOKMARK [3][-]{subsubsection.3.14.3.2}{\376\377\0003\000.\0001\0004\000.\0003\000.\0002\000\040\000i\000s\000E\000s\000c\000a\000p\000e\000E\000x\000i\000t}{subsection.3.14.3}% 97
\BOOKMARK [3][-]{subsubsection.3.14.3.3}{\376\377\0003\000.\0001\0004\000.\0003\000.\0003\000\040\000S\000e\000l\000e\000c\000t\000e\000d\000W\000i\000d\000g\000e\000t}{subsection.3.14.3}% 98
\BOOKMARK [3][-]{subsubsection.3.14.3.4}{\376\377\0003\000.\0001\0004\000.\0003\000.\0004\000\040\000W\000i\000d\000g\000e\000t\000s}{subsection.3.14.3}% 99
\BOOKMARK [3][-]{subsubsection.3.14.3.5}{\376\377\0003\000.\0001\0004\000.\0003\000.\0005\000\040\000W\000i\000n\000d\000o\000w\000X}{subsection.3.14.3}% 100
\BOOKMARK [3][-]{subsubsection.3.14.3.6}{\376\377\0003\000.\0001\0004\000.\0003\000.\0006\000\040\000W\000i\000n\000d\000o\000w\000Y}{subsection.3.14.3}% 101
\BOOKMARK [1][-]{section.3.15}{\376\377\0003\000.\0001\0005\000\040\000L\000a\000b\000e\000l\000\040\000o\000s\000z\000t\000\341\000l\000y\000r\000e\000f\000e\000r\000e\000n\000c\000i\000a}{chapter.3}% 102
\BOOKMARK [2][-]{subsection.3.15.1}{\376\377\0003\000.\0001\0005\000.\0001\000\040\000K\000o\000n\000s\000t\000r\000u\000k\000t\000o\000r\000o\000k\000\040\000\351\000s\000\040\000d\000e\000s\000t\000r\000u\000k\000t\000o\000r\000o\000k\000\040\000d\000o\000k\000u\000m\000e\000n\000t\000\341\000c\000i\000\363\000j\000a}{section.3.15}% 103
\BOOKMARK [3][-]{subsubsection.3.15.1.1}{\376\377\0003\000.\0001\0005\000.\0001\000.\0001\000\040\000L\000a\000b\000e\000l\000\050\000\051}{subsection.3.15.1}% 104
\BOOKMARK [2][-]{subsection.3.15.2}{\376\377\0003\000.\0001\0005\000.\0002\000\040\000T\000a\000g\000f\000\374\000g\000g\000v\000\351\000n\000y\000e\000k\000\040\000d\000o\000k\000u\000m\000e\000n\000t\000\341\000c\000i\000\363\000j\000a}{section.3.15}% 105
\BOOKMARK [3][-]{subsubsection.3.15.2.1}{\376\377\0003\000.\0001\0005\000.\0002\000.\0001\000\040\000D\000r\000a\000w\000\050\000\051}{subsection.3.15.2}% 106
\BOOKMARK [3][-]{subsubsection.3.15.2.2}{\376\377\0003\000.\0001\0005\000.\0002\000.\0002\000\040\000H\000a\000n\000d\000l\000e\000\050\000\051}{subsection.3.15.2}% 107
\BOOKMARK [3][-]{subsubsection.3.15.2.3}{\376\377\0003\000.\0001\0005\000.\0002\000.\0003\000\040\000I\000s\000I\000n\000L\000i\000n\000e\000\050\000\051}{subsection.3.15.2}% 108
\BOOKMARK [3][-]{subsubsection.3.15.2.4}{\376\377\0003\000.\0001\0005\000.\0002\000.\0004\000\040\000I\000s\000T\000e\000x\000t\000F\000i\000t\000s\000\050\000\051}{subsection.3.15.2}% 109
\BOOKMARK [3][-]{subsubsection.3.15.2.5}{\376\377\0003\000.\0001\0005\000.\0002\000.\0005\000\040\000S\000e\000t\000F\000o\000n\000t\000C\000o\000l\000o\000u\000r\000\050\000\051}{subsection.3.15.2}% 110
\BOOKMARK [3][-]{subsubsection.3.15.2.6}{\376\377\0003\000.\0001\0005\000.\0002\000.\0006\000\040\000S\000e\000t\000T\000e\000x\000t\000\050\000\051}{subsection.3.15.2}% 111
\BOOKMARK [2][-]{subsection.3.15.3}{\376\377\0003\000.\0001\0005\000.\0003\000\040\000A\000d\000a\000t\000t\000a\000g\000o\000k\000\040\000d\000o\000k\000u\000m\000e\000n\000t\000\341\000c\000i\000\363\000j\000a}{section.3.15}% 112
\BOOKMARK [3][-]{subsubsection.3.15.3.1}{\376\377\0003\000.\0001\0005\000.\0003\000.\0001\000\040\000f\000o\000n\000t\000C\000o\000l\000o\000r}{subsection.3.15.3}% 113
\BOOKMARK [3][-]{subsubsection.3.15.3.2}{\376\377\0003\000.\0001\0005\000.\0003\000.\0002\000\040\000T\000e\000x\000t}{subsection.3.15.3}% 114
\BOOKMARK [1][-]{section.3.16}{\376\377\0003\000.\0001\0006\000\040\000L\000e\000v\000e\000l\000\040\000o\000s\000z\000t\000\341\000l\000y\000r\000e\000f\000e\000r\000e\000n\000c\000i\000a}{chapter.3}% 115
\BOOKMARK [2][-]{subsection.3.16.1}{\376\377\0003\000.\0001\0006\000.\0001\000\040\000K\000o\000n\000s\000t\000r\000u\000k\000t\000o\000r\000o\000k\000\040\000\351\000s\000\040\000d\000e\000s\000t\000r\000u\000k\000t\000o\000r\000o\000k\000\040\000d\000o\000k\000u\000m\000e\000n\000t\000\341\000c\000i\000\363\000j\000a}{section.3.16}% 116
\BOOKMARK [3][-]{subsubsection.3.16.1.1}{\376\377\0003\000.\0001\0006\000.\0001\000.\0001\000\040\000L\000e\000v\000e\000l\000\050\000\051}{subsection.3.16.1}% 117
\BOOKMARK [2][-]{subsection.3.16.2}{\376\377\0003\000.\0001\0006\000.\0002\000\040\000T\000a\000g\000f\000\374\000g\000g\000v\000\351\000n\000y\000e\000k\000\040\000d\000o\000k\000u\000m\000e\000n\000t\000\341\000c\000i\000\363\000j\000a}{section.3.16}% 118
\BOOKMARK [3][-]{subsubsection.3.16.2.1}{\376\377\0003\000.\0001\0006\000.\0002\000.\0001\000\040\000C\000h\000e\000c\000k\000A\000r\000e\000a\000\050\000\051}{subsection.3.16.2}% 119
\BOOKMARK [3][-]{subsubsection.3.16.2.2}{\376\377\0003\000.\0001\0006\000.\0002\000.\0002\000\040\000G\000e\000t\000L\000a\000s\000t\000X\000\050\000\051}{subsection.3.16.2}% 120
\BOOKMARK [3][-]{subsubsection.3.16.2.3}{\376\377\0003\000.\0001\0006\000.\0002\000.\0003\000\040\000G\000e\000t\000L\000a\000s\000t\000Y\000\050\000\051}{subsection.3.16.2}% 121
\BOOKMARK [3][-]{subsubsection.3.16.2.4}{\376\377\0003\000.\0001\0006\000.\0002\000.\0004\000\040\000G\000e\000t\000S\000i\000z\000e\000\050\000\051}{subsection.3.16.2}% 122
\BOOKMARK [3][-]{subsubsection.3.16.2.5}{\376\377\0003\000.\0001\0006\000.\0002\000.\0005\000\040\000G\000e\000t\000V\000a\000l\000u\000e\000\050\000\051}{subsection.3.16.2}% 123
\BOOKMARK [3][-]{subsubsection.3.16.2.6}{\376\377\0003\000.\0001\0006\000.\0002\000.\0006\000\040\000I\000s\000A\000r\000e\000a\000E\000m\000p\000t\000y\000\050\000\051}{subsection.3.16.2}% 124
\BOOKMARK [3][-]{subsubsection.3.16.2.7}{\376\377\0003\000.\0001\0006\000.\0002\000.\0007\000\040\000I\000s\000G\000a\000m\000e\000W\000o\000n\000\050\000\051}{subsection.3.16.2}% 125
\BOOKMARK [3][-]{subsubsection.3.16.2.8}{\376\377\0003\000.\0001\0006\000.\0002\000.\0008\000\040\000I\000s\000L\000e\000v\000e\000l\000E\000m\000p\000t\000y\000\050\000\051}{subsection.3.16.2}% 126
\BOOKMARK [3][-]{subsubsection.3.16.2.9}{\376\377\0003\000.\0001\0006\000.\0002\000.\0009\000\040\000P\000l\000a\000c\000e\000\050\000\051}{subsection.3.16.2}% 127
\BOOKMARK [3][-]{subsubsection.3.16.2.10}{\376\377\0003\000.\0001\0006\000.\0002\000.\0001\0000\000\040\000R\000e\000c\000o\000u\000n\000t\000\050\000\051}{subsection.3.16.2}% 128
\BOOKMARK [3][-]{subsubsection.3.16.2.11}{\376\377\0003\000.\0001\0006\000.\0002\000.\0001\0001\000\040\000R\000e\000m\000o\000v\000e\000V\000a\000l\000u\000e\000\050\000\051}{subsection.3.16.2}% 129
\BOOKMARK [3][-]{subsubsection.3.16.2.12}{\376\377\0003\000.\0001\0006\000.\0002\000.\0001\0002\000\040\000R\000e\000s\000e\000t\000\050\000\051}{subsection.3.16.2}% 130
\BOOKMARK [3][-]{subsubsection.3.16.2.13}{\376\377\0003\000.\0001\0006\000.\0002\000.\0001\0003\000\040\000V\000a\000l\000u\000e\000T\000o\000W\000i\000n\000\050\000\051}{subsection.3.16.2}% 131
\BOOKMARK [3][-]{subsubsection.3.16.2.14}{\376\377\0003\000.\0001\0006\000.\0002\000.\0001\0004\000\040\000W\000r\000i\000t\000e\000C\000u\000r\000r\000e\000n\000t\000P\000o\000s\000i\000t\000i\000o\000n\000\050\000\051}{subsection.3.16.2}% 132
\BOOKMARK [2][-]{subsection.3.16.3}{\376\377\0003\000.\0001\0006\000.\0003\000\040\000A\000d\000a\000t\000t\000a\000g\000o\000k\000\040\000d\000o\000k\000u\000m\000e\000n\000t\000\341\000c\000i\000\363\000j\000a}{section.3.16}% 133
\BOOKMARK [3][-]{subsubsection.3.16.3.1}{\376\377\0003\000.\0001\0006\000.\0003\000.\0001\000\040\000L\000a\000s\000t\000X}{subsection.3.16.3}% 134
\BOOKMARK [3][-]{subsubsection.3.16.3.2}{\376\377\0003\000.\0001\0006\000.\0003\000.\0002\000\040\000L\000a\000s\000t\000Y}{subsection.3.16.3}% 135
\BOOKMARK [3][-]{subsubsection.3.16.3.3}{\376\377\0003\000.\0001\0006\000.\0003\000.\0003\000\040\000L\000e\000v\000e\000l\000D\000a\000t\000a}{subsection.3.16.3}% 136
\BOOKMARK [3][-]{subsubsection.3.16.3.4}{\376\377\0003\000.\0001\0006\000.\0003\000.\0004\000\040\000N\000e\000e\000d\000T\000o\000W\000i\000n}{subsection.3.16.3}% 137
\BOOKMARK [3][-]{subsubsection.3.16.3.5}{\376\377\0003\000.\0001\0006\000.\0003\000.\0005\000\040\000O\000C\000o\000u\000n\000t}{subsection.3.16.3}% 138
\BOOKMARK [3][-]{subsubsection.3.16.3.6}{\376\377\0003\000.\0001\0006\000.\0003\000.\0006\000\040\000S\000i\000z\000e}{subsection.3.16.3}% 139
\BOOKMARK [3][-]{subsubsection.3.16.3.7}{\376\377\0003\000.\0001\0006\000.\0003\000.\0007\000\040\000X\000C\000o\000u\000n\000t}{subsection.3.16.3}% 140
\BOOKMARK [1][-]{section.3.17}{\376\377\0003\000.\0001\0007\000\040\000g\000e\000n\000v\000:\000:\000l\000i\000n\000e\000\040\000s\000t\000r\000u\000k\000t\000\372\000r\000a\000r\000e\000f\000e\000r\000e\000n\000c\000i\000a}{chapter.3}% 141
\BOOKMARK [1][-]{section.3.18}{\376\377\0003\000.\0001\0008\000\040\000g\000e\000n\000v\000:\000:\000l\000i\000n\000e\000\137\000t\000o\000\040\000s\000t\000r\000u\000k\000t\000\372\000r\000a\000r\000e\000f\000e\000r\000e\000n\000c\000i\000a}{chapter.3}% 142
\BOOKMARK [1][-]{section.3.19}{\376\377\0003\000.\0001\0009\000\040\000M\000i\000n\000M\000a\000x\000\040\000o\000s\000z\000t\000\341\000l\000y\000r\000e\000f\000e\000r\000e\000n\000c\000i\000a}{chapter.3}% 143
\BOOKMARK [2][-]{subsection.3.19.1}{\376\377\0003\000.\0001\0009\000.\0001\000\040\000K\000o\000n\000s\000t\000r\000u\000k\000t\000o\000r\000o\000k\000\040\000\351\000s\000\040\000d\000e\000s\000t\000r\000u\000k\000t\000o\000r\000o\000k\000\040\000d\000o\000k\000u\000m\000e\000n\000t\000\341\000c\000i\000\363\000j\000a}{section.3.19}% 144
\BOOKMARK [3][-]{subsubsection.3.19.1.1}{\376\377\0003\000.\0001\0009\000.\0001\000.\0001\000\040\000M\000i\000n\000M\000a\000x\000\050\000\051}{subsection.3.19.1}% 145
\BOOKMARK [2][-]{subsection.3.19.2}{\376\377\0003\000.\0001\0009\000.\0002\000\040\000T\000a\000g\000f\000\374\000g\000g\000v\000\351\000n\000y\000e\000k\000\040\000d\000o\000k\000u\000m\000e\000n\000t\000\341\000c\000i\000\363\000j\000a}{section.3.19}% 146
\BOOKMARK [3][-]{subsubsection.3.19.2.1}{\376\377\0003\000.\0001\0009\000.\0002\000.\0001\000\040\000N\000e\000x\000t\000S\000t\000e\000p\000\050\000\051}{subsection.3.19.2}% 147
\BOOKMARK [3][-]{subsubsection.3.19.2.2}{\376\377\0003\000.\0001\0009\000.\0002\000.\0002\000\040\000S\000t\000e\000p\000\050\000\051}{subsection.3.19.2}% 148
\BOOKMARK [2][-]{subsection.3.19.3}{\376\377\0003\000.\0001\0009\000.\0003\000\040\000A\000d\000a\000t\000t\000a\000g\000o\000k\000\040\000d\000o\000k\000u\000m\000e\000n\000t\000\341\000c\000i\000\363\000j\000a}{section.3.19}% 149
\BOOKMARK [3][-]{subsubsection.3.19.3.1}{\376\377\0003\000.\0001\0009\000.\0003\000.\0001\000\040\000c\000o\000m\000p\000u\000t\000i\000n\000g\000L\000e\000v\000e\000l}{subsection.3.19.3}% 150
\BOOKMARK [3][-]{subsubsection.3.19.3.2}{\376\377\0003\000.\0001\0009\000.\0003\000.\0002\000\040\000I\000s\000X}{subsection.3.19.3}% 151
\BOOKMARK [3][-]{subsubsection.3.19.3.3}{\376\377\0003\000.\0001\0009\000.\0003\000.\0003\000\040\000M\000a\000p\000S\000i\000z\000e}{subsection.3.19.3}% 152
\BOOKMARK [3][-]{subsubsection.3.19.3.4}{\376\377\0003\000.\0001\0009\000.\0003\000.\0004\000\040\000M\000a\000x\000S\000t\000e\000p\000s}{subsection.3.19.3}% 153
\BOOKMARK [3][-]{subsubsection.3.19.3.5}{\376\377\0003\000.\0001\0009\000.\0003\000.\0005\000\040\000p\000l\000a\000y\000i\000n\000g\000L\000e\000v\000e\000l}{subsection.3.19.3}% 154
\BOOKMARK [1][-]{section.3.20}{\376\377\0003\000.\0002\0000\000\040\000g\000e\000n\000v\000:\000:\000m\000o\000v\000e\000\040\000s\000t\000r\000u\000k\000t\000\372\000r\000a\000r\000e\000f\000e\000r\000e\000n\000c\000i\000a}{chapter.3}% 155
\BOOKMARK [1][-]{section.3.21}{\376\377\0003\000.\0002\0001\000\040\000g\000e\000n\000v\000:\000:\000m\000o\000v\000e\000\137\000t\000o\000\040\000s\000t\000r\000u\000k\000t\000\372\000r\000a\000r\000e\000f\000e\000r\000e\000n\000c\000i\000a}{chapter.3}% 156
\BOOKMARK [1][-]{section.3.22}{\376\377\0003\000.\0002\0002\000\040\000N\000u\000m\000b\000e\000r\000I\000n\000p\000u\000t\000\040\000o\000s\000z\000t\000\341\000l\000y\000r\000e\000f\000e\000r\000e\000n\000c\000i\000a}{chapter.3}% 157
\BOOKMARK [2][-]{subsection.3.22.1}{\376\377\0003\000.\0002\0002\000.\0001\000\040\000K\000o\000n\000s\000t\000r\000u\000k\000t\000o\000r\000o\000k\000\040\000\351\000s\000\040\000d\000e\000s\000t\000r\000u\000k\000t\000o\000r\000o\000k\000\040\000d\000o\000k\000u\000m\000e\000n\000t\000\341\000c\000i\000\363\000j\000a}{section.3.22}% 158
\BOOKMARK [3][-]{subsubsection.3.22.1.1}{\376\377\0003\000.\0002\0002\000.\0001\000.\0001\000\040\000N\000u\000m\000b\000e\000r\000I\000n\000p\000u\000t\000\050\000\051}{subsection.3.22.1}% 159
\BOOKMARK [2][-]{subsection.3.22.2}{\376\377\0003\000.\0002\0002\000.\0002\000\040\000T\000a\000g\000f\000\374\000g\000g\000v\000\351\000n\000y\000e\000k\000\040\000d\000o\000k\000u\000m\000e\000n\000t\000\341\000c\000i\000\363\000j\000a}{section.3.22}% 160
\BOOKMARK [3][-]{subsubsection.3.22.2.1}{\376\377\0003\000.\0002\0002\000.\0002\000.\0001\000\040\000A\000d\000j\000u\000s\000t\000V\000a\000l\000u\000e\000\050\000\051}{subsection.3.22.2}% 161
\BOOKMARK [3][-]{subsubsection.3.22.2.2}{\376\377\0003\000.\0002\0002\000.\0002\000.\0002\000\040\000C\000h\000e\000c\000k\000V\000a\000l\000u\000e\000\050\000\051}{subsection.3.22.2}% 162
\BOOKMARK [3][-]{subsubsection.3.22.2.3}{\376\377\0003\000.\0002\0002\000.\0002\000.\0003\000\040\000D\000r\000a\000w\000\050\000\051}{subsection.3.22.2}% 163
\BOOKMARK [3][-]{subsubsection.3.22.2.4}{\376\377\0003\000.\0002\0002\000.\0002\000.\0004\000\040\000H\000a\000n\000d\000l\000e\000\050\000\051}{subsection.3.22.2}% 164
\BOOKMARK [3][-]{subsubsection.3.22.2.5}{\376\377\0003\000.\0002\0002\000.\0002\000.\0005\000\040\000I\000s\000I\000n\000L\000i\000n\000e\000\050\000\051}{subsection.3.22.2}% 165
\BOOKMARK [3][-]{subsubsection.3.22.2.6}{\376\377\0003\000.\0002\0002\000.\0002\000.\0006\000\040\000S\000e\000t\000B\000i\000g\000S\000t\000e\000p\000V\000a\000l\000u\000e\000\050\000\051}{subsection.3.22.2}% 166
\BOOKMARK [3][-]{subsubsection.3.22.2.7}{\376\377\0003\000.\0002\0002\000.\0002\000.\0007\000\040\000S\000e\000t\000B\000u\000t\000t\000o\000n\000C\000o\000l\000o\000u\000r\000\050\000\051}{subsection.3.22.2}% 167
\BOOKMARK [3][-]{subsubsection.3.22.2.8}{\376\377\0003\000.\0002\0002\000.\0002\000.\0008\000\040\000S\000e\000t\000B\000u\000t\000t\000o\000n\000O\000n\000C\000l\000i\000c\000k\000C\000o\000l\000o\000u\000r\000\050\000\051}{subsection.3.22.2}% 168
\BOOKMARK [3][-]{subsubsection.3.22.2.9}{\376\377\0003\000.\0002\0002\000.\0002\000.\0009\000\040\000S\000e\000t\000M\000a\000x\000i\000m\000u\000m\000V\000a\000l\000u\000e\000\050\000\051}{subsection.3.22.2}% 169
\BOOKMARK [3][-]{subsubsection.3.22.2.10}{\376\377\0003\000.\0002\0002\000.\0002\000.\0001\0000\000\040\000S\000e\000t\000M\000i\000n\000i\000m\000u\000m\000V\000a\000l\000u\000e\000\050\000\051}{subsection.3.22.2}% 170
\BOOKMARK [3][-]{subsubsection.3.22.2.11}{\376\377\0003\000.\0002\0002\000.\0002\000.\0001\0001\000\040\000S\000e\000t\000S\000t\000e\000p\000V\000a\000l\000u\000e\000\050\000\051}{subsection.3.22.2}% 171
\BOOKMARK [3][-]{subsubsection.3.22.2.12}{\376\377\0003\000.\0002\0002\000.\0002\000.\0001\0002\000\040\000S\000e\000t\000V\000a\000l\000u\000e\000\050\000\051}{subsection.3.22.2}% 172
\BOOKMARK [3][-]{subsubsection.3.22.2.13}{\376\377\0003\000.\0002\0002\000.\0002\000.\0001\0003\000\040\000S\000t\000e\000p\000\050\000\051}{subsection.3.22.2}% 173
\BOOKMARK [2][-]{subsection.3.22.3}{\376\377\0003\000.\0002\0002\000.\0003\000\040\000A\000d\000a\000t\000t\000a\000g\000o\000k\000\040\000d\000o\000k\000u\000m\000e\000n\000t\000\341\000c\000i\000\363\000j\000a}{section.3.22}% 174
\BOOKMARK [3][-]{subsubsection.3.22.3.1}{\376\377\0003\000.\0002\0002\000.\0003\000.\0001\000\040\000B\000i\000g\000S\000t\000e\000p\000V\000a\000l\000u\000e}{subsection.3.22.3}% 175
\BOOKMARK [3][-]{subsubsection.3.22.3.2}{\376\377\0003\000.\0002\0002\000.\0003\000.\0002\000\040\000b\000u\000t\000t\000o\000n\000C\000l\000i\000c\000k\000C\000o\000l\000o\000u\000r}{subsection.3.22.3}% 176
\BOOKMARK [3][-]{subsubsection.3.22.3.3}{\376\377\0003\000.\0002\0002\000.\0003\000.\0003\000\040\000b\000u\000t\000t\000o\000n\000C\000o\000l\000o\000u\000r}{subsection.3.22.3}% 177
\BOOKMARK [3][-]{subsubsection.3.22.3.4}{\376\377\0003\000.\0002\0002\000.\0003\000.\0004\000\040\000b\000u\000t\000t\000o\000n\000D\000o\000w\000n\000C\000l\000i\000c\000k\000i\000n\000g}{subsection.3.22.3}% 178
\BOOKMARK [3][-]{subsubsection.3.22.3.5}{\376\377\0003\000.\0002\0002\000.\0003\000.\0005\000\040\000b\000u\000t\000t\000o\000n\000U\000p\000C\000l\000i\000c\000k\000i\000n\000g}{subsection.3.22.3}% 179
\BOOKMARK [3][-]{subsubsection.3.22.3.6}{\376\377\0003\000.\0002\0002\000.\0003\000.\0006\000\040\000C\000u\000r\000r\000e\000n\000t\000N\000u\000m\000b\000e\000r}{subsection.3.22.3}% 180
\BOOKMARK [3][-]{subsubsection.3.22.3.7}{\376\377\0003\000.\0002\0002\000.\0003\000.\0007\000\040\000M\000a\000x\000i\000m\000u\000m\000V\000a\000l\000u\000e}{subsection.3.22.3}% 181
\BOOKMARK [3][-]{subsubsection.3.22.3.8}{\376\377\0003\000.\0002\0002\000.\0003\000.\0008\000\040\000M\000i\000n\000i\000m\000u\000m\000V\000a\000l\000u\000e}{subsection.3.22.3}% 182
\BOOKMARK [3][-]{subsubsection.3.22.3.9}{\376\377\0003\000.\0002\0002\000.\0003\000.\0009\000\040\000S\000t\000e\000p\000V\000a\000l\000u\000e}{subsection.3.22.3}% 183
\BOOKMARK [1][-]{section.3.23}{\376\377\0003\000.\0002\0003\000\040\000R\000a\000d\000i\000o\000B\000u\000t\000t\000o\000n\000\040\000o\000s\000z\000t\000\341\000l\000y\000r\000e\000f\000e\000r\000e\000n\000c\000i\000a}{chapter.3}% 184
\BOOKMARK [2][-]{subsection.3.23.1}{\376\377\0003\000.\0002\0003\000.\0001\000\040\000K\000o\000n\000s\000t\000r\000u\000k\000t\000o\000r\000o\000k\000\040\000\351\000s\000\040\000d\000e\000s\000t\000r\000u\000k\000t\000o\000r\000o\000k\000\040\000d\000o\000k\000u\000m\000e\000n\000t\000\341\000c\000i\000\363\000j\000a}{section.3.23}% 185
\BOOKMARK [3][-]{subsubsection.3.23.1.1}{\376\377\0003\000.\0002\0003\000.\0001\000.\0001\000\040\000R\000a\000d\000i\000o\000B\000u\000t\000t\000o\000n\000\050\000\051}{subsection.3.23.1}% 186
\BOOKMARK [2][-]{subsection.3.23.2}{\376\377\0003\000.\0002\0003\000.\0002\000\040\000T\000a\000g\000f\000\374\000g\000g\000v\000\351\000n\000y\000e\000k\000\040\000d\000o\000k\000u\000m\000e\000n\000t\000\341\000c\000i\000\363\000j\000a}{section.3.23}% 187
\BOOKMARK [3][-]{subsubsection.3.23.2.1}{\376\377\0003\000.\0002\0003\000.\0002\000.\0001\000\040\000D\000r\000a\000w\000\050\000\051}{subsection.3.23.2}% 188
\BOOKMARK [3][-]{subsubsection.3.23.2.2}{\376\377\0003\000.\0002\0003\000.\0002\000.\0002\000\040\000D\000r\000a\000w\000C\000i\000r\000c\000l\000e\000\050\000\051}{subsection.3.23.2}% 189
\BOOKMARK [3][-]{subsubsection.3.23.2.3}{\376\377\0003\000.\0002\0003\000.\0002\000.\0003\000\040\000G\000e\000t\000S\000e\000l\000e\000c\000t\000i\000o\000n\000\050\000\051}{subsection.3.23.2}% 190
\BOOKMARK [3][-]{subsubsection.3.23.2.4}{\376\377\0003\000.\0002\0003\000.\0002\000.\0004\000\040\000G\000e\000t\000V\000a\000l\000u\000e\000\050\000\051}{subsection.3.23.2}% 191
\BOOKMARK [3][-]{subsubsection.3.23.2.5}{\376\377\0003\000.\0002\0003\000.\0002\000.\0005\000\040\000H\000a\000n\000d\000l\000e\000\050\000\051}{subsection.3.23.2}% 192
\BOOKMARK [3][-]{subsubsection.3.23.2.6}{\376\377\0003\000.\0002\0003\000.\0002\000.\0006\000\040\000I\000s\000I\000n\000L\000i\000n\000e\000\050\000\051}{subsection.3.23.2}% 193
\BOOKMARK [3][-]{subsubsection.3.23.2.7}{\376\377\0003\000.\0002\0003\000.\0002\000.\0007\000\040\000S\000e\000t\000S\000e\000l\000e\000c\000t\000i\000o\000n\000\050\000\051}{subsection.3.23.2}% 194
\BOOKMARK [2][-]{subsection.3.23.3}{\376\377\0003\000.\0002\0003\000.\0003\000\040\000A\000d\000a\000t\000t\000a\000g\000o\000k\000\040\000d\000o\000k\000u\000m\000e\000n\000t\000\341\000c\000i\000\363\000j\000a}{section.3.23}% 195
\BOOKMARK [3][-]{subsubsection.3.23.3.1}{\376\377\0003\000.\0002\0003\000.\0003\000.\0001\000\040\000I\000s\000S\000e\000l\000e\000c\000t\000e\000d}{subsection.3.23.3}% 196
\BOOKMARK [3][-]{subsubsection.3.23.3.2}{\376\377\0003\000.\0002\0003\000.\0003\000.\0002\000\040\000o\000n\000C\000l\000i\000c\000k\000C\000o\000l\000o\000u\000r}{subsection.3.23.3}% 197
\BOOKMARK [3][-]{subsubsection.3.23.3.3}{\376\377\0003\000.\0002\0003\000.\0003\000.\0003\000\040\000V\000a\000l\000u\000e}{subsection.3.23.3}% 198
\BOOKMARK [1][-]{section.3.24}{\376\377\0003\000.\0002\0004\000\040\000R\000a\000d\000i\000o\000B\000u\000t\000t\000o\000n\000H\000o\000l\000d\000e\000r\000\040\000o\000s\000z\000t\000\341\000l\000y\000r\000e\000f\000e\000r\000e\000n\000c\000i\000a}{chapter.3}% 199
\BOOKMARK [2][-]{subsection.3.24.1}{\376\377\0003\000.\0002\0004\000.\0001\000\040\000K\000o\000n\000s\000t\000r\000u\000k\000t\000o\000r\000o\000k\000\040\000\351\000s\000\040\000d\000e\000s\000t\000r\000u\000k\000t\000o\000r\000o\000k\000\040\000d\000o\000k\000u\000m\000e\000n\000t\000\341\000c\000i\000\363\000j\000a}{section.3.24}% 200
\BOOKMARK [3][-]{subsubsection.3.24.1.1}{\376\377\0003\000.\0002\0004\000.\0001\000.\0001\000\040\000R\000a\000d\000i\000o\000B\000u\000t\000t\000o\000n\000H\000o\000l\000d\000e\000r\000\050\000\051}{subsection.3.24.1}% 201
\BOOKMARK [2][-]{subsection.3.24.2}{\376\377\0003\000.\0002\0004\000.\0002\000\040\000T\000a\000g\000f\000\374\000g\000g\000v\000\351\000n\000y\000e\000k\000\040\000d\000o\000k\000u\000m\000e\000n\000t\000\341\000c\000i\000\363\000j\000a}{section.3.24}% 202
\BOOKMARK [3][-]{subsubsection.3.24.2.1}{\376\377\0003\000.\0002\0004\000.\0002\000.\0001\000\040\000A\000d\000d\000R\000a\000d\000i\000o\000B\000u\000t\000t\000o\000n\000\050\000\051}{subsection.3.24.2}% 203
\BOOKMARK [3][-]{subsubsection.3.24.2.2}{\376\377\0003\000.\0002\0004\000.\0002\000.\0002\000\040\000C\000h\000e\000c\000k\000N\000u\000l\000l\000\050\000\051}{subsection.3.24.2}% 204
\BOOKMARK [3][-]{subsubsection.3.24.2.3}{\376\377\0003\000.\0002\0004\000.\0002\000.\0003\000\040\000C\000u\000r\000r\000e\000n\000t\000l\000y\000S\000e\000l\000e\000c\000t\000e\000d\000V\000a\000l\000u\000e\000\050\000\051}{subsection.3.24.2}% 205
\BOOKMARK [3][-]{subsubsection.3.24.2.4}{\376\377\0003\000.\0002\0004\000.\0002\000.\0004\000\040\000D\000r\000a\000w\000\050\000\051}{subsection.3.24.2}% 206
\BOOKMARK [3][-]{subsubsection.3.24.2.5}{\376\377\0003\000.\0002\0004\000.\0002\000.\0005\000\040\000G\000e\000t\000C\000u\000r\000r\000e\000n\000t\000l\000y\000S\000e\000l\000e\000c\000t\000e\000d\000\050\000\051}{subsection.3.24.2}% 207
\BOOKMARK [3][-]{subsubsection.3.24.2.6}{\376\377\0003\000.\0002\0004\000.\0002\000.\0006\000\040\000H\000a\000n\000d\000l\000e\000\050\000\051}{subsection.3.24.2}% 208
\BOOKMARK [3][-]{subsubsection.3.24.2.7}{\376\377\0003\000.\0002\0004\000.\0002\000.\0007\000\040\000I\000s\000I\000n\000L\000i\000n\000e\000\050\000\051}{subsection.3.24.2}% 209
\BOOKMARK [3][-]{subsubsection.3.24.2.8}{\376\377\0003\000.\0002\0004\000.\0002\000.\0008\000\040\000R\000e\000m\000o\000v\000e\000R\000a\000d\000i\000o\000B\000u\000t\000t\000o\000n\000\050\000\051\000\040\000[\0001\000/\0002\000]}{subsection.3.24.2}% 210
\BOOKMARK [3][-]{subsubsection.3.24.2.9}{\376\377\0003\000.\0002\0004\000.\0002\000.\0009\000\040\000R\000e\000m\000o\000v\000e\000R\000a\000d\000i\000o\000B\000u\000t\000t\000o\000n\000\050\000\051\000\040\000[\0002\000/\0002\000]}{subsection.3.24.2}% 211
\BOOKMARK [3][-]{subsubsection.3.24.2.10}{\376\377\0003\000.\0002\0004\000.\0002\000.\0001\0000\000\040\000S\000e\000t\000E\000v\000e\000n\000t\000V\000o\000i\000d\000\050\000\051}{subsection.3.24.2}% 212
\BOOKMARK [2][-]{subsection.3.24.3}{\376\377\0003\000.\0002\0004\000.\0003\000\040\000A\000d\000a\000t\000t\000a\000g\000o\000k\000\040\000d\000o\000k\000u\000m\000e\000n\000t\000\341\000c\000i\000\363\000j\000a}{section.3.24}% 213
\BOOKMARK [3][-]{subsubsection.3.24.3.1}{\376\377\0003\000.\0002\0004\000.\0003\000.\0001\000\040\000B\000u\000t\000t\000o\000n\000C\000o\000u\000n\000t}{subsection.3.24.3}% 214
\BOOKMARK [3][-]{subsubsection.3.24.3.2}{\376\377\0003\000.\0002\0004\000.\0003\000.\0002\000\040\000C\000u\000r\000r\000e\000n\000t\000l\000y\000S\000e\000l\000e\000c\000t\000e\000d}{subsection.3.24.3}% 215
\BOOKMARK [3][-]{subsubsection.3.24.3.3}{\376\377\0003\000.\0002\0004\000.\0003\000.\0003\000\040\000O\000n\000E\000v\000e\000n\000t}{subsection.3.24.3}% 216
\BOOKMARK [3][-]{subsubsection.3.24.3.4}{\376\377\0003\000.\0002\0004\000.\0003\000.\0004\000\040\000r\000a\000d\000i\000o\000B\000u\000t\000t\000o\000n\000s}{subsection.3.24.3}% 217
\BOOKMARK [1][-]{section.3.25}{\376\377\0003\000.\0002\0005\000\040\000S\000e\000l\000e\000c\000t\000i\000o\000n\000B\000o\000x\000\040\000o\000s\000z\000t\000\341\000l\000y\000r\000e\000f\000e\000r\000e\000n\000c\000i\000a}{chapter.3}% 218
\BOOKMARK [2][-]{subsection.3.25.1}{\376\377\0003\000.\0002\0005\000.\0001\000\040\000K\000o\000n\000s\000t\000r\000u\000k\000t\000o\000r\000o\000k\000\040\000\351\000s\000\040\000d\000e\000s\000t\000r\000u\000k\000t\000o\000r\000o\000k\000\040\000d\000o\000k\000u\000m\000e\000n\000t\000\341\000c\000i\000\363\000j\000a}{section.3.25}% 219
\BOOKMARK [3][-]{subsubsection.3.25.1.1}{\376\377\0003\000.\0002\0005\000.\0001\000.\0001\000\040\000S\000e\000l\000e\000c\000t\000i\000o\000n\000B\000o\000x\000\050\000\051}{subsection.3.25.1}% 220
\BOOKMARK [2][-]{subsection.3.25.2}{\376\377\0003\000.\0002\0005\000.\0002\000\040\000T\000a\000g\000f\000\374\000g\000g\000v\000\351\000n\000y\000e\000k\000\040\000d\000o\000k\000u\000m\000e\000n\000t\000\341\000c\000i\000\363\000j\000a}{section.3.25}% 221
\BOOKMARK [3][-]{subsubsection.3.25.2.1}{\376\377\0003\000.\0002\0005\000.\0002\000.\0001\000\040\000A\000d\000d\000I\000t\000e\000m\000\050\000\051}{subsection.3.25.2}% 222
\BOOKMARK [3][-]{subsubsection.3.25.2.2}{\376\377\0003\000.\0002\0005\000.\0002\000.\0002\000\040\000C\000u\000r\000r\000e\000n\000t\000l\000y\000S\000e\000l\000e\000c\000t\000e\000d\000I\000t\000e\000m\000\050\000\051}{subsection.3.25.2}% 223
\BOOKMARK [3][-]{subsubsection.3.25.2.3}{\376\377\0003\000.\0002\0005\000.\0002\000.\0003\000\040\000C\000u\000r\000r\000e\000n\000t\000l\000y\000S\000e\000l\000e\000c\000t\000e\000d\000V\000a\000l\000u\000e\000\050\000\051}{subsection.3.25.2}% 224
\BOOKMARK [3][-]{subsubsection.3.25.2.4}{\376\377\0003\000.\0002\0005\000.\0002\000.\0004\000\040\000D\000r\000a\000w\000\050\000\051}{subsection.3.25.2}% 225
\BOOKMARK [3][-]{subsubsection.3.25.2.5}{\376\377\0003\000.\0002\0005\000.\0002\000.\0005\000\040\000E\000d\000i\000t\000M\000a\000x\000I\000t\000e\000m\000I\000n\000V\000i\000e\000w\000\050\000\051}{subsection.3.25.2}% 226
\BOOKMARK [3][-]{subsubsection.3.25.2.6}{\376\377\0003\000.\0002\0005\000.\0002\000.\0006\000\040\000E\000d\000i\000t\000S\000e\000l\000e\000c\000t\000e\000d\000F\000o\000n\000t\000C\000o\000l\000o\000u\000r\000\050\000\051}{subsection.3.25.2}% 227
\BOOKMARK [3][-]{subsubsection.3.25.2.7}{\376\377\0003\000.\0002\0005\000.\0002\000.\0007\000\040\000E\000d\000i\000t\000S\000e\000l\000e\000c\000t\000e\000d\000F\000r\000o\000n\000t\000C\000o\000l\000o\000u\000r\000\050\000\051}{subsection.3.25.2}% 228
\BOOKMARK [3][-]{subsubsection.3.25.2.8}{\376\377\0003\000.\0002\0005\000.\0002\000.\0008\000\040\000H\000a\000n\000d\000l\000e\000\050\000\051}{subsection.3.25.2}% 229
\BOOKMARK [3][-]{subsubsection.3.25.2.9}{\376\377\0003\000.\0002\0005\000.\0002\000.\0009\000\040\000I\000s\000I\000n\000L\000i\000n\000e\000\050\000\051}{subsection.3.25.2}% 230
\BOOKMARK [3][-]{subsubsection.3.25.2.10}{\376\377\0003\000.\0002\0005\000.\0002\000.\0001\0000\000\040\000R\000e\000m\000o\000v\000e\000I\000t\000e\000m\000\050\000\051\000\040\000[\0001\000/\0002\000]}{subsection.3.25.2}% 231
\BOOKMARK [3][-]{subsubsection.3.25.2.11}{\376\377\0003\000.\0002\0005\000.\0002\000.\0001\0001\000\040\000R\000e\000m\000o\000v\000e\000I\000t\000e\000m\000\050\000\051\000\040\000[\0002\000/\0002\000]}{subsection.3.25.2}% 232
\BOOKMARK [3][-]{subsubsection.3.25.2.12}{\376\377\0003\000.\0002\0005\000.\0002\000.\0001\0002\000\040\000S\000e\000t\000B\000u\000t\000t\000o\000n\000S\000i\000z\000e\000\050\000\051}{subsection.3.25.2}% 233
\BOOKMARK [2][-]{subsection.3.25.3}{\376\377\0003\000.\0002\0005\000.\0003\000\040\000A\000d\000a\000t\000t\000a\000g\000o\000k\000\040\000d\000o\000k\000u\000m\000e\000n\000t\000\341\000c\000i\000\363\000j\000a}{section.3.25}% 234
\BOOKMARK [3][-]{subsubsection.3.25.3.1}{\376\377\0003\000.\0002\0005\000.\0003\000.\0001\000\040\000b\000u\000t\000t\000o\000n\000C\000o\000l\000o\000u\000r}{subsection.3.25.3}% 235
\BOOKMARK [3][-]{subsubsection.3.25.3.2}{\376\377\0003\000.\0002\0005\000.\0003\000.\0002\000\040\000b\000u\000t\000t\000o\000n\000O\000n\000C\000l\000i\000c\000k\000C\000o\000l\000o\000u\000r}{subsection.3.25.3}% 236
\BOOKMARK [3][-]{subsubsection.3.25.3.3}{\376\377\0003\000.\0002\0005\000.\0003\000.\0003\000\040\000b\000u\000t\000t\000o\000n\000S\000i\000z\000e}{subsection.3.25.3}% 237
\BOOKMARK [3][-]{subsubsection.3.25.3.4}{\376\377\0003\000.\0002\0005\000.\0003\000.\0004\000\040\000c\000u\000r\000r\000e\000n\000t\000l\000y\000S\000e\000l\000e\000c\000t\000e\000d}{subsection.3.25.3}% 238
\BOOKMARK [3][-]{subsubsection.3.25.3.5}{\376\377\0003\000.\0002\0005\000.\0003\000.\0005\000\040\000i\000s\000O\000p\000e\000n\000e\000d}{subsection.3.25.3}% 239
\BOOKMARK [3][-]{subsubsection.3.25.3.6}{\376\377\0003\000.\0002\0005\000.\0003\000.\0006\000\040\000m\000a\000x\000I\000t\000e\000m\000s\000I\000n\000V\000i\000e\000w}{subsection.3.25.3}% 240
\BOOKMARK [3][-]{subsubsection.3.25.3.7}{\376\377\0003\000.\0002\0005\000.\0003\000.\0007\000\040\000m\000o\000u\000s\000e\000O\000n\000I\000t\000e\000m}{subsection.3.25.3}% 241
\BOOKMARK [3][-]{subsubsection.3.25.3.8}{\376\377\0003\000.\0002\0005\000.\0003\000.\0008\000\040\000s\000e\000l\000e\000c\000t\000e\000d\000F\000o\000n\000t\000C\000o\000l\000o\000u\000r}{subsection.3.25.3}% 242
\BOOKMARK [3][-]{subsubsection.3.25.3.9}{\376\377\0003\000.\0002\0005\000.\0003\000.\0009\000\040\000s\000e\000l\000e\000c\000t\000e\000d\000F\000r\000o\000n\000t\000C\000o\000l\000o\000u\000r}{subsection.3.25.3}% 243
\BOOKMARK [3][-]{subsubsection.3.25.3.10}{\376\377\0003\000.\0002\0005\000.\0003\000.\0001\0000\000\040\000t\000o\000p\000I\000t\000e\000m}{subsection.3.25.3}% 244
\BOOKMARK [3][-]{subsubsection.3.25.3.11}{\376\377\0003\000.\0002\0005\000.\0003\000.\0001\0001\000\040\000V\000a\000l\000u\000e\000s}{subsection.3.25.3}% 245
\BOOKMARK [1][-]{section.3.26}{\376\377\0003\000.\0002\0006\000\040\000g\000e\000n\000v\000:\000:\000s\000t\000a\000m\000p\000\040\000s\000t\000r\000u\000k\000t\000\372\000r\000a\000r\000e\000f\000e\000r\000e\000n\000c\000i\000a}{chapter.3}% 246
\BOOKMARK [1][-]{section.3.27}{\376\377\0003\000.\0002\0007\000\040\000S\000t\000e\000p\000D\000a\000t\000a\000\040\000s\000t\000r\000u\000k\000t\000\372\000r\000a\000r\000e\000f\000e\000r\000e\000n\000c\000i\000a}{chapter.3}% 247
\BOOKMARK [1][-]{section.3.28}{\376\377\0003\000.\0002\0008\000\040\000g\000e\000n\000v\000:\000:\000t\000e\000x\000t\000\040\000s\000t\000r\000u\000k\000t\000\372\000r\000a\000r\000e\000f\000e\000r\000e\000n\000c\000i\000a}{chapter.3}% 248
\BOOKMARK [1][-]{section.3.29}{\376\377\0003\000.\0002\0009\000\040\000W\000i\000d\000g\000e\000t\000\040\000o\000s\000z\000t\000\341\000l\000y\000r\000e\000f\000e\000r\000e\000n\000c\000i\000a}{chapter.3}% 249
\BOOKMARK [2][-]{subsection.3.29.1}{\376\377\0003\000.\0002\0009\000.\0001\000\040\000K\000o\000n\000s\000t\000r\000u\000k\000t\000o\000r\000o\000k\000\040\000\351\000s\000\040\000d\000e\000s\000t\000r\000u\000k\000t\000o\000r\000o\000k\000\040\000d\000o\000k\000u\000m\000e\000n\000t\000\341\000c\000i\000\363\000j\000a}{section.3.29}% 250
\BOOKMARK [3][-]{subsubsection.3.29.1.1}{\376\377\0003\000.\0002\0009\000.\0001\000.\0001\000\040\000W\000i\000d\000g\000e\000t\000\050\000\051}{subsection.3.29.1}% 251
\BOOKMARK [2][-]{subsection.3.29.2}{\376\377\0003\000.\0002\0009\000.\0002\000\040\000T\000a\000g\000f\000\374\000g\000g\000v\000\351\000n\000y\000e\000k\000\040\000d\000o\000k\000u\000m\000e\000n\000t\000\341\000c\000i\000\363\000j\000a}{section.3.29}% 252
\BOOKMARK [3][-]{subsubsection.3.29.2.1}{\376\377\0003\000.\0002\0009\000.\0002\000.\0001\000\040\000D\000r\000a\000w\000\050\000\051}{subsection.3.29.2}% 253
\BOOKMARK [3][-]{subsubsection.3.29.2.2}{\376\377\0003\000.\0002\0009\000.\0002\000.\0002\000\040\000H\000a\000n\000d\000l\000e\000\050\000\051}{subsection.3.29.2}% 254
\BOOKMARK [3][-]{subsubsection.3.29.2.3}{\376\377\0003\000.\0002\0009\000.\0002\000.\0003\000\040\000I\000s\000I\000n\000L\000i\000n\000e\000\050\000\051}{subsection.3.29.2}% 255
\BOOKMARK [3][-]{subsubsection.3.29.2.4}{\376\377\0003\000.\0002\0009\000.\0002\000.\0004\000\040\000S\000e\000t\000B\000a\000c\000k\000g\000r\000o\000u\000n\000d\000C\000o\000l\000o\000u\000r\000\050\000\051}{subsection.3.29.2}% 256
\BOOKMARK [3][-]{subsubsection.3.29.2.5}{\376\377\0003\000.\0002\0009\000.\0002\000.\0005\000\040\000S\000e\000t\000B\000o\000r\000d\000e\000r\000T\000h\000i\000c\000k\000n\000e\000s\000s\000\050\000\051}{subsection.3.29.2}% 257
\BOOKMARK [3][-]{subsubsection.3.29.2.6}{\376\377\0003\000.\0002\0009\000.\0002\000.\0006\000\040\000S\000e\000t\000F\000r\000o\000n\000t\000C\000o\000l\000o\000u\000r\000\050\000\051}{subsection.3.29.2}% 258
\BOOKMARK [2][-]{subsection.3.29.3}{\376\377\0003\000.\0002\0009\000.\0003\000\040\000A\000d\000a\000t\000t\000a\000g\000o\000k\000\040\000d\000o\000k\000u\000m\000e\000n\000t\000\341\000c\000i\000\363\000j\000a}{section.3.29}% 259
\BOOKMARK [3][-]{subsubsection.3.29.3.1}{\376\377\0003\000.\0002\0009\000.\0003\000.\0001\000\040\000b\000g\000C\000o\000l\000o\000r}{subsection.3.29.3}% 260
\BOOKMARK [3][-]{subsubsection.3.29.3.2}{\376\377\0003\000.\0002\0009\000.\0003\000.\0002\000\040\000b\000o\000r\000d\000e\000r\000T\000h\000i\000c\000k\000n\000e\000s\000s}{subsection.3.29.3}% 261
\BOOKMARK [3][-]{subsubsection.3.29.3.3}{\376\377\0003\000.\0002\0009\000.\0003\000.\0003\000\040\000f\000r\000o\000n\000t\000C\000o\000l\000o\000r}{subsection.3.29.3}% 262
\BOOKMARK [3][-]{subsubsection.3.29.3.4}{\376\377\0003\000.\0002\0009\000.\0003\000.\0004\000\040\000S\000e\000l\000e\000c\000t\000e\000d}{subsection.3.29.3}% 263
\BOOKMARK [3][-]{subsubsection.3.29.3.5}{\376\377\0003\000.\0002\0009\000.\0003\000.\0005\000\040\000X}{subsection.3.29.3}% 264
\BOOKMARK [3][-]{subsubsection.3.29.3.6}{\376\377\0003\000.\0002\0009\000.\0003\000.\0006\000\040\000X\000S\000i\000z\000e}{subsection.3.29.3}% 265
\BOOKMARK [3][-]{subsubsection.3.29.3.7}{\376\377\0003\000.\0002\0009\000.\0003\000.\0007\000\040\000Y}{subsection.3.29.3}% 266
\BOOKMARK [3][-]{subsubsection.3.29.3.8}{\376\377\0003\000.\0002\0009\000.\0003\000.\0008\000\040\000Y\000S\000i\000z\000e}{subsection.3.29.3}% 267
